CRITICAL - 2021-08-28 00:23:08 --> Call to undefined function index()
#0 /home/ubuntu/apar/web/codeigniter4-modular/vendor/codeigniter4/framework/system/View/View.php(230): include()
#1 /home/ubuntu/apar/web/codeigniter4-modular/vendor/codeigniter4/framework/system/View/View.php(232): CodeIgniter\View\View->CodeIgniter\View\{closure}()
#2 /home/ubuntu/apar/web/codeigniter4-modular/vendor/codeigniter4/framework/system/Common.php(1271): CodeIgniter\View\View->render()
#3 /home/ubuntu/apar/web/codeigniter4-modular/app/Modules/MasterApar/Controllers/MasterApar.php(73): view()
#4 /home/ubuntu/apar/web/codeigniter4-modular/vendor/codeigniter4/framework/system/CodeIgniter.php(928): MasterApar\Controllers\MasterApar->add()
#5 /home/ubuntu/apar/web/codeigniter4-modular/vendor/codeigniter4/framework/system/CodeIgniter.php(436): CodeIgniter\CodeIgniter->runController()
#6 /home/ubuntu/apar/web/codeigniter4-modular/vendor/codeigniter4/framework/system/CodeIgniter.php(336): CodeIgniter\CodeIgniter->handleRequest()
#7 /home/ubuntu/apar/web/codeigniter4-modular/public/index.php(45): CodeIgniter\CodeIgniter->run()
#8 /home/ubuntu/apar/web/codeigniter4-modular/vendor/codeigniter4/framework/system/Commands/Server/rewrite.php(45): require_once('/home/ubuntu/ap...')
#9 {main}
CRITICAL - 2021-08-28 00:33:57 --> Undefined variable: records
#0 /home/ubuntu/apar/web/codeigniter4-modular/app/Modules/MasterApar/Views/AddFormApar.php(41): CodeIgniter\Debug\Exceptions->errorHandler()
#1 /home/ubuntu/apar/web/codeigniter4-modular/vendor/codeigniter4/framework/system/View/View.php(230): include('/home/ubuntu/ap...')
#2 /home/ubuntu/apar/web/codeigniter4-modular/vendor/codeigniter4/framework/system/View/View.php(232): CodeIgniter\View\View->CodeIgniter\View\{closure}()
#3 /home/ubuntu/apar/web/codeigniter4-modular/vendor/codeigniter4/framework/system/Common.php(1271): CodeIgniter\View\View->render()
#4 /home/ubuntu/apar/web/codeigniter4-modular/app/Modules/MasterApar/Controllers/MasterApar.php(73): view()
#5 /home/ubuntu/apar/web/codeigniter4-modular/vendor/codeigniter4/framework/system/CodeIgniter.php(928): MasterApar\Controllers\MasterApar->add()
#6 /home/ubuntu/apar/web/codeigniter4-modular/vendor/codeigniter4/framework/system/CodeIgniter.php(436): CodeIgniter\CodeIgniter->runController()
#7 /home/ubuntu/apar/web/codeigniter4-modular/vendor/codeigniter4/framework/system/CodeIgniter.php(336): CodeIgniter\CodeIgniter->handleRequest()
#8 /home/ubuntu/apar/web/codeigniter4-modular/public/index.php(45): CodeIgniter\CodeIgniter->run()
#9 /home/ubuntu/apar/web/codeigniter4-modular/vendor/codeigniter4/framework/system/Commands/Server/rewrite.php(45): require_once('/home/ubuntu/ap...')
#10 {main}
CRITICAL - 2021-08-28 00:40:05 --> Undefined variable: rec
#0 /home/ubuntu/apar/web/codeigniter4-modular/app/Modules/MasterApar/Views/AddFormApar.php(41): CodeIgniter\Debug\Exceptions->errorHandler()
#1 /home/ubuntu/apar/web/codeigniter4-modular/vendor/codeigniter4/framework/system/View/View.php(230): include('/home/ubuntu/ap...')
#2 /home/ubuntu/apar/web/codeigniter4-modular/vendor/codeigniter4/framework/system/View/View.php(232): CodeIgniter\View\View->CodeIgniter\View\{closure}()
#3 /home/ubuntu/apar/web/codeigniter4-modular/vendor/codeigniter4/framework/system/Common.php(1271): CodeIgniter\View\View->render()
#4 /home/ubuntu/apar/web/codeigniter4-modular/app/Modules/MasterApar/Controllers/MasterApar.php(73): view()
#5 /home/ubuntu/apar/web/codeigniter4-modular/vendor/codeigniter4/framework/system/CodeIgniter.php(928): MasterApar\Controllers\MasterApar->add()
#6 /home/ubuntu/apar/web/codeigniter4-modular/vendor/codeigniter4/framework/system/CodeIgniter.php(436): CodeIgniter\CodeIgniter->runController()
#7 /home/ubuntu/apar/web/codeigniter4-modular/vendor/codeigniter4/framework/system/CodeIgniter.php(336): CodeIgniter\CodeIgniter->handleRequest()
#8 /home/ubuntu/apar/web/codeigniter4-modular/public/index.php(45): CodeIgniter\CodeIgniter->run()
#9 /home/ubuntu/apar/web/codeigniter4-modular/vendor/codeigniter4/framework/system/Commands/Server/rewrite.php(45): require_once('/home/ubuntu/ap...')
#10 {main}
CRITICAL - 2021-08-28 00:43:57 --> Undefined variable: data
#0 /home/ubuntu/apar/web/codeigniter4-modular/app/Modules/MasterApar/Views/AddFormApar.php(41): CodeIgniter\Debug\Exceptions->errorHandler()
#1 /home/ubuntu/apar/web/codeigniter4-modular/vendor/codeigniter4/framework/system/View/View.php(230): include('/home/ubuntu/ap...')
#2 /home/ubuntu/apar/web/codeigniter4-modular/vendor/codeigniter4/framework/system/View/View.php(232): CodeIgniter\View\View->CodeIgniter\View\{closure}()
#3 /home/ubuntu/apar/web/codeigniter4-modular/vendor/codeigniter4/framework/system/Common.php(1271): CodeIgniter\View\View->render()
#4 /home/ubuntu/apar/web/codeigniter4-modular/app/Modules/MasterApar/Controllers/MasterApar.php(74): view()
#5 /home/ubuntu/apar/web/codeigniter4-modular/vendor/codeigniter4/framework/system/CodeIgniter.php(928): MasterApar\Controllers\MasterApar->add()
#6 /home/ubuntu/apar/web/codeigniter4-modular/vendor/codeigniter4/framework/system/CodeIgniter.php(436): CodeIgniter\CodeIgniter->runController()
#7 /home/ubuntu/apar/web/codeigniter4-modular/vendor/codeigniter4/framework/system/CodeIgniter.php(336): CodeIgniter\CodeIgniter->handleRequest()
#8 /home/ubuntu/apar/web/codeigniter4-modular/public/index.php(45): CodeIgniter\CodeIgniter->run()
#9 /home/ubuntu/apar/web/codeigniter4-modular/vendor/codeigniter4/framework/system/Commands/Server/rewrite.php(45): require_once('/home/ubuntu/ap...')
#10 {main}
CRITICAL - 2021-08-28 00:44:47 --> Undefined variable: row
#0 /home/ubuntu/apar/web/codeigniter4-modular/app/Modules/MasterApar/Views/AddFormApar.php(42): CodeIgniter\Debug\Exceptions->errorHandler()
#1 /home/ubuntu/apar/web/codeigniter4-modular/vendor/codeigniter4/framework/system/View/View.php(230): include('/home/ubuntu/ap...')
#2 /home/ubuntu/apar/web/codeigniter4-modular/vendor/codeigniter4/framework/system/View/View.php(232): CodeIgniter\View\View->CodeIgniter\View\{closure}()
#3 /home/ubuntu/apar/web/codeigniter4-modular/vendor/codeigniter4/framework/system/Common.php(1271): CodeIgniter\View\View->render()
#4 /home/ubuntu/apar/web/codeigniter4-modular/app/Modules/MasterApar/Controllers/MasterApar.php(74): view()
#5 /home/ubuntu/apar/web/codeigniter4-modular/vendor/codeigniter4/framework/system/CodeIgniter.php(928): MasterApar\Controllers\MasterApar->add()
#6 /home/ubuntu/apar/web/codeigniter4-modular/vendor/codeigniter4/framework/system/CodeIgniter.php(436): CodeIgniter\CodeIgniter->runController()
#7 /home/ubuntu/apar/web/codeigniter4-modular/vendor/codeigniter4/framework/system/CodeIgniter.php(336): CodeIgniter\CodeIgniter->handleRequest()
#8 /home/ubuntu/apar/web/codeigniter4-modular/public/index.php(45): CodeIgniter\CodeIgniter->run()
#9 /home/ubuntu/apar/web/codeigniter4-modular/vendor/codeigniter4/framework/system/Commands/Server/rewrite.php(45): require_once('/home/ubuntu/ap...')
#10 {main}
CRITICAL - 2021-08-28 00:45:03 --> Undefined variable: records
#0 /home/ubuntu/apar/web/codeigniter4-modular/app/Modules/MasterApar/Views/AddFormApar.php(42): CodeIgniter\Debug\Exceptions->errorHandler()
#1 /home/ubuntu/apar/web/codeigniter4-modular/vendor/codeigniter4/framework/system/View/View.php(230): include('/home/ubuntu/ap...')
#2 /home/ubuntu/apar/web/codeigniter4-modular/vendor/codeigniter4/framework/system/View/View.php(232): CodeIgniter\View\View->CodeIgniter\View\{closure}()
#3 /home/ubuntu/apar/web/codeigniter4-modular/vendor/codeigniter4/framework/system/Common.php(1271): CodeIgniter\View\View->render()
#4 /home/ubuntu/apar/web/codeigniter4-modular/app/Modules/MasterApar/Controllers/MasterApar.php(74): view()
#5 /home/ubuntu/apar/web/codeigniter4-modular/vendor/codeigniter4/framework/system/CodeIgniter.php(928): MasterApar\Controllers\MasterApar->add()
#6 /home/ubuntu/apar/web/codeigniter4-modular/vendor/codeigniter4/framework/system/CodeIgniter.php(436): CodeIgniter\CodeIgniter->runController()
#7 /home/ubuntu/apar/web/codeigniter4-modular/vendor/codeigniter4/framework/system/CodeIgniter.php(336): CodeIgniter\CodeIgniter->handleRequest()
#8 /home/ubuntu/apar/web/codeigniter4-modular/public/index.php(45): CodeIgniter\CodeIgniter->run()
#9 /home/ubuntu/apar/web/codeigniter4-modular/vendor/codeigniter4/framework/system/Commands/Server/rewrite.php(45): require_once('/home/ubuntu/ap...')
#10 {main}
CRITICAL - 2021-08-28 21:27:32 --> Unable to connect to the database.
Main connection [MySQLi]: No such file or directory
#0 /home/ubuntu/apar/web/codeigniter4-modular/vendor/codeigniter4/framework/system/Database/BaseConnection.php(625): CodeIgniter\Database\BaseConnection->initialize()
#1 /home/ubuntu/apar/web/codeigniter4-modular/vendor/codeigniter4/framework/system/Database/BaseBuilder.php(1881): CodeIgniter\Database\BaseConnection->query()
#2 /home/ubuntu/apar/web/codeigniter4-modular/vendor/codeigniter4/framework/system/Model.php(228): CodeIgniter\Database\BaseBuilder->get()
#3 /home/ubuntu/apar/web/codeigniter4-modular/vendor/codeigniter4/framework/system/BaseModel.php(644): CodeIgniter\Model->doFirst()
#4 /home/ubuntu/apar/web/codeigniter4-modular/app/Modules/Users/Validation/UsersRules.php(11): CodeIgniter\BaseModel->first()
#5 /home/ubuntu/apar/web/codeigniter4-modular/vendor/codeigniter4/framework/system/Validation/Validation.php(312): Users\Validation\UsersRules->validateUser()
#6 /home/ubuntu/apar/web/codeigniter4-modular/vendor/codeigniter4/framework/system/Validation/Validation.php(159): CodeIgniter\Validation\Validation->processRules()
#7 /home/ubuntu/apar/web/codeigniter4-modular/app/Modules/Users/Libraries/UsersLib.php(37): CodeIgniter\Validation\Validation->run()
#8 /home/ubuntu/apar/web/codeigniter4-modular/app/Modules/Users/Controllers/Users.php(26): Users\Libraries\UsersLib->login()
#9 /home/ubuntu/apar/web/codeigniter4-modular/vendor/codeigniter4/framework/system/CodeIgniter.php(928): Users\Controllers\Users->login()
#10 /home/ubuntu/apar/web/codeigniter4-modular/vendor/codeigniter4/framework/system/CodeIgniter.php(436): CodeIgniter\CodeIgniter->runController()
#11 /home/ubuntu/apar/web/codeigniter4-modular/vendor/codeigniter4/framework/system/CodeIgniter.php(336): CodeIgniter\CodeIgniter->handleRequest()
#12 /home/ubuntu/apar/web/codeigniter4-modular/public/index.php(45): CodeIgniter\CodeIgniter->run()
#13 /home/ubuntu/apar/web/codeigniter4-modular/vendor/codeigniter4/framework/system/Commands/Server/rewrite.php(45): require_once('/home/ubuntu/ap...')
#14 {main}
CRITICAL - 2021-08-28 21:28:28 --> Unable to connect to the database.
Main connection [MySQLi]: No such file or directory
#0 /home/ubuntu/apar/web/codeigniter4-modular/vendor/codeigniter4/framework/system/Database/BaseConnection.php(625): CodeIgniter\Database\BaseConnection->initialize()
#1 /home/ubuntu/apar/web/codeigniter4-modular/vendor/codeigniter4/framework/system/Database/BaseBuilder.php(1881): CodeIgniter\Database\BaseConnection->query()
#2 /home/ubuntu/apar/web/codeigniter4-modular/vendor/codeigniter4/framework/system/Model.php(228): CodeIgniter\Database\BaseBuilder->get()
#3 /home/ubuntu/apar/web/codeigniter4-modular/vendor/codeigniter4/framework/system/BaseModel.php(644): CodeIgniter\Model->doFirst()
#4 /home/ubuntu/apar/web/codeigniter4-modular/app/Modules/Users/Validation/UsersRules.php(11): CodeIgniter\BaseModel->first()
#5 /home/ubuntu/apar/web/codeigniter4-modular/vendor/codeigniter4/framework/system/Validation/Validation.php(312): Users\Validation\UsersRules->validateUser()
#6 /home/ubuntu/apar/web/codeigniter4-modular/vendor/codeigniter4/framework/system/Validation/Validation.php(159): CodeIgniter\Validation\Validation->processRules()
#7 /home/ubuntu/apar/web/codeigniter4-modular/app/Modules/Users/Libraries/UsersLib.php(37): CodeIgniter\Validation\Validation->run()
#8 /home/ubuntu/apar/web/codeigniter4-modular/app/Modules/Users/Controllers/Users.php(26): Users\Libraries\UsersLib->login()
#9 /home/ubuntu/apar/web/codeigniter4-modular/vendor/codeigniter4/framework/system/CodeIgniter.php(928): Users\Controllers\Users->login()
#10 /home/ubuntu/apar/web/codeigniter4-modular/vendor/codeigniter4/framework/system/CodeIgniter.php(436): CodeIgniter\CodeIgniter->runController()
#11 /home/ubuntu/apar/web/codeigniter4-modular/vendor/codeigniter4/framework/system/CodeIgniter.php(336): CodeIgniter\CodeIgniter->handleRequest()
#12 /home/ubuntu/apar/web/codeigniter4-modular/public/index.php(45): CodeIgniter\CodeIgniter->run()
#13 /home/ubuntu/apar/web/codeigniter4-modular/vendor/codeigniter4/framework/system/Commands/Server/rewrite.php(45): require_once('/home/ubuntu/ap...')
#14 {main}
CRITICAL - 2021-08-28 21:28:35 --> Unable to connect to the database.
Main connection [MySQLi]: No such file or directory
#0 /home/ubuntu/apar/web/codeigniter4-modular/vendor/codeigniter4/framework/system/Database/BaseConnection.php(625): CodeIgniter\Database\BaseConnection->initialize()
#1 /home/ubuntu/apar/web/codeigniter4-modular/vendor/codeigniter4/framework/system/Database/BaseBuilder.php(1881): CodeIgniter\Database\BaseConnection->query()
#2 /home/ubuntu/apar/web/codeigniter4-modular/vendor/codeigniter4/framework/system/Model.php(228): CodeIgniter\Database\BaseBuilder->get()
#3 /home/ubuntu/apar/web/codeigniter4-modular/vendor/codeigniter4/framework/system/BaseModel.php(644): CodeIgniter\Model->doFirst()
#4 /home/ubuntu/apar/web/codeigniter4-modular/app/Modules/Users/Validation/UsersRules.php(11): CodeIgniter\BaseModel->first()
#5 /home/ubuntu/apar/web/codeigniter4-modular/vendor/codeigniter4/framework/system/Validation/Validation.php(312): Users\Validation\UsersRules->validateUser()
#6 /home/ubuntu/apar/web/codeigniter4-modular/vendor/codeigniter4/framework/system/Validation/Validation.php(159): CodeIgniter\Validation\Validation->processRules()
#7 /home/ubuntu/apar/web/codeigniter4-modular/app/Modules/Users/Libraries/UsersLib.php(37): CodeIgniter\Validation\Validation->run()
#8 /home/ubuntu/apar/web/codeigniter4-modular/app/Modules/Users/Controllers/Users.php(26): Users\Libraries\UsersLib->login()
#9 /home/ubuntu/apar/web/codeigniter4-modular/vendor/codeigniter4/framework/system/CodeIgniter.php(928): Users\Controllers\Users->login()
#10 /home/ubuntu/apar/web/codeigniter4-modular/vendor/codeigniter4/framework/system/CodeIgniter.php(436): CodeIgniter\CodeIgniter->runController()
#11 /home/ubuntu/apar/web/codeigniter4-modular/vendor/codeigniter4/framework/system/CodeIgniter.php(336): CodeIgniter\CodeIgniter->handleRequest()
#12 /home/ubuntu/apar/web/codeigniter4-modular/public/index.php(45): CodeIgniter\CodeIgniter->run()
#13 /home/ubuntu/apar/web/codeigniter4-modular/vendor/codeigniter4/framework/system/Commands/Server/rewrite.php(45): require_once('/home/ubuntu/ap...')
#14 {main}
CRITICAL - 2021-08-28 21:28:41 --> Unable to connect to the database.
Main connection [MySQLi]: No such file or directory
#0 /home/ubuntu/apar/web/codeigniter4-modular/vendor/codeigniter4/framework/system/Database/BaseConnection.php(625): CodeIgniter\Database\BaseConnection->initialize()
#1 /home/ubuntu/apar/web/codeigniter4-modular/vendor/codeigniter4/framework/system/Database/BaseBuilder.php(1881): CodeIgniter\Database\BaseConnection->query()
#2 /home/ubuntu/apar/web/codeigniter4-modular/vendor/codeigniter4/framework/system/Model.php(228): CodeIgniter\Database\BaseBuilder->get()
#3 /home/ubuntu/apar/web/codeigniter4-modular/vendor/codeigniter4/framework/system/BaseModel.php(644): CodeIgniter\Model->doFirst()
#4 /home/ubuntu/apar/web/codeigniter4-modular/app/Modules/Users/Validation/UsersRules.php(11): CodeIgniter\BaseModel->first()
#5 /home/ubuntu/apar/web/codeigniter4-modular/vendor/codeigniter4/framework/system/Validation/Validation.php(312): Users\Validation\UsersRules->validateUser()
#6 /home/ubuntu/apar/web/codeigniter4-modular/vendor/codeigniter4/framework/system/Validation/Validation.php(159): CodeIgniter\Validation\Validation->processRules()
#7 /home/ubuntu/apar/web/codeigniter4-modular/app/Modules/Users/Libraries/UsersLib.php(37): CodeIgniter\Validation\Validation->run()
#8 /home/ubuntu/apar/web/codeigniter4-modular/app/Modules/Users/Controllers/Users.php(26): Users\Libraries\UsersLib->login()
#9 /home/ubuntu/apar/web/codeigniter4-modular/vendor/codeigniter4/framework/system/CodeIgniter.php(928): Users\Controllers\Users->login()
#10 /home/ubuntu/apar/web/codeigniter4-modular/vendor/codeigniter4/framework/system/CodeIgniter.php(436): CodeIgniter\CodeIgniter->runController()
#11 /home/ubuntu/apar/web/codeigniter4-modular/vendor/codeigniter4/framework/system/CodeIgniter.php(336): CodeIgniter\CodeIgniter->handleRequest()
#12 /home/ubuntu/apar/web/codeigniter4-modular/public/index.php(45): CodeIgniter\CodeIgniter->run()
#13 /home/ubuntu/apar/web/codeigniter4-modular/vendor/codeigniter4/framework/system/Commands/Server/rewrite.php(45): require_once('/home/ubuntu/ap...')
#14 {main}
