CRITICAL - 2021-08-25 00:01:12 --> foto is not a valid rule.
#0 /home/ubuntu/apar/web/codeigniter4-modular/vendor/codeigniter4/framework/system/Validation/Validation.php(321): CodeIgniter\Validation\Exceptions\ValidationException::forRuleNotFound()
#1 /home/ubuntu/apar/web/codeigniter4-modular/vendor/codeigniter4/framework/system/Validation/Validation.php(159): CodeIgniter\Validation\Validation->processRules()
#2 /home/ubuntu/apar/web/codeigniter4-modular/app/Modules/MasterApar/Libraries/MasterAparLib.php(30): CodeIgniter\Validation\Validation->run()
#3 /home/ubuntu/apar/web/codeigniter4-modular/app/Modules/MasterApar/Controllers/MasterApar.php(60): MasterApar\Libraries\MasterAparLib->storedata()
#4 /home/ubuntu/apar/web/codeigniter4-modular/vendor/codeigniter4/framework/system/CodeIgniter.php(928): MasterApar\Controllers\MasterApar->add()
#5 /home/ubuntu/apar/web/codeigniter4-modular/vendor/codeigniter4/framework/system/CodeIgniter.php(436): CodeIgniter\CodeIgniter->runController()
#6 /home/ubuntu/apar/web/codeigniter4-modular/vendor/codeigniter4/framework/system/CodeIgniter.php(336): CodeIgniter\CodeIgniter->handleRequest()
#7 /home/ubuntu/apar/web/codeigniter4-modular/public/index.php(45): CodeIgniter\CodeIgniter->run()
#8 /home/ubuntu/apar/web/codeigniter4-modular/vendor/codeigniter4/framework/system/Commands/Server/rewrite.php(45): require_once('/home/ubuntu/ap...')
#9 {main}
CRITICAL - 2021-08-25 00:04:25 --> image/jpg,image/jpeg,image/gif,image/png is not a valid rule.
#0 /home/ubuntu/apar/web/codeigniter4-modular/vendor/codeigniter4/framework/system/Validation/Validation.php(321): CodeIgniter\Validation\Exceptions\ValidationException::forRuleNotFound()
#1 /home/ubuntu/apar/web/codeigniter4-modular/vendor/codeigniter4/framework/system/Validation/Validation.php(159): CodeIgniter\Validation\Validation->processRules()
#2 /home/ubuntu/apar/web/codeigniter4-modular/app/Modules/MasterApar/Libraries/MasterAparLib.php(30): CodeIgniter\Validation\Validation->run()
#3 /home/ubuntu/apar/web/codeigniter4-modular/app/Modules/MasterApar/Controllers/MasterApar.php(60): MasterApar\Libraries\MasterAparLib->storedata()
#4 /home/ubuntu/apar/web/codeigniter4-modular/vendor/codeigniter4/framework/system/CodeIgniter.php(928): MasterApar\Controllers\MasterApar->add()
#5 /home/ubuntu/apar/web/codeigniter4-modular/vendor/codeigniter4/framework/system/CodeIgniter.php(436): CodeIgniter\CodeIgniter->runController()
#6 /home/ubuntu/apar/web/codeigniter4-modular/vendor/codeigniter4/framework/system/CodeIgniter.php(336): CodeIgniter\CodeIgniter->handleRequest()
#7 /home/ubuntu/apar/web/codeigniter4-modular/public/index.php(45): CodeIgniter\CodeIgniter->run()
#8 /home/ubuntu/apar/web/codeigniter4-modular/vendor/codeigniter4/framework/system/Commands/Server/rewrite.php(45): require_once('/home/ubuntu/ap...')
#9 {main}
CRITICAL - 2021-08-25 01:40:10 --> Undefined variable: mod
#0 /home/ubuntu/apar/web/codeigniter4-modular/app/Modules/MasterApar/Views/AddFormApar.php(49): CodeIgniter\Debug\Exceptions->errorHandler()
#1 /home/ubuntu/apar/web/codeigniter4-modular/vendor/codeigniter4/framework/system/View/View.php(230): include('/home/ubuntu/ap...')
#2 /home/ubuntu/apar/web/codeigniter4-modular/vendor/codeigniter4/framework/system/View/View.php(232): CodeIgniter\View\View->CodeIgniter\View\{closure}()
#3 /home/ubuntu/apar/web/codeigniter4-modular/vendor/codeigniter4/framework/system/Common.php(1271): CodeIgniter\View\View->render()
#4 /home/ubuntu/apar/web/codeigniter4-modular/app/Modules/MasterApar/Controllers/MasterApar.php(73): view()
#5 /home/ubuntu/apar/web/codeigniter4-modular/vendor/codeigniter4/framework/system/CodeIgniter.php(928): MasterApar\Controllers\MasterApar->add()
#6 /home/ubuntu/apar/web/codeigniter4-modular/vendor/codeigniter4/framework/system/CodeIgniter.php(436): CodeIgniter\CodeIgniter->runController()
#7 /home/ubuntu/apar/web/codeigniter4-modular/vendor/codeigniter4/framework/system/CodeIgniter.php(336): CodeIgniter\CodeIgniter->handleRequest()
#8 /home/ubuntu/apar/web/codeigniter4-modular/public/index.php(45): CodeIgniter\CodeIgniter->run()
#9 /home/ubuntu/apar/web/codeigniter4-modular/vendor/codeigniter4/framework/system/Commands/Server/rewrite.php(45): require_once('/home/ubuntu/ap...')
#10 {main}
CRITICAL - 2021-08-25 01:46:46 --> Class 'MasterApar\Libraries\MrolesModel' not found
#0 /home/ubuntu/apar/web/codeigniter4-modular/app/Modules/MasterApar/Controllers/MasterApar.php(60): MasterApar\Libraries\MasterAparLib->storedata()
#1 /home/ubuntu/apar/web/codeigniter4-modular/vendor/codeigniter4/framework/system/CodeIgniter.php(928): MasterApar\Controllers\MasterApar->add()
#2 /home/ubuntu/apar/web/codeigniter4-modular/vendor/codeigniter4/framework/system/CodeIgniter.php(436): CodeIgniter\CodeIgniter->runController()
#3 /home/ubuntu/apar/web/codeigniter4-modular/vendor/codeigniter4/framework/system/CodeIgniter.php(336): CodeIgniter\CodeIgniter->handleRequest()
#4 /home/ubuntu/apar/web/codeigniter4-modular/public/index.php(45): CodeIgniter\CodeIgniter->run()
#5 /home/ubuntu/apar/web/codeigniter4-modular/vendor/codeigniter4/framework/system/Commands/Server/rewrite.php(45): require_once('/home/ubuntu/ap...')
#6 {main}
CRITICAL - 2021-08-25 02:00:42 --> Unknown column 'apar.id' in 'where clause'
#0 /home/ubuntu/apar/web/codeigniter4-modular/vendor/codeigniter4/framework/system/Database/MySQLi/Connection.php(329): mysqli->query()
#1 /home/ubuntu/apar/web/codeigniter4-modular/vendor/codeigniter4/framework/system/Database/BaseConnection.php(732): CodeIgniter\Database\MySQLi\Connection->execute()
#2 /home/ubuntu/apar/web/codeigniter4-modular/vendor/codeigniter4/framework/system/Database/BaseConnection.php(647): CodeIgniter\Database\BaseConnection->simpleQuery()
#3 /home/ubuntu/apar/web/codeigniter4-modular/vendor/codeigniter4/framework/system/Database/BaseBuilder.php(1881): CodeIgniter\Database\BaseConnection->query()
#4 /home/ubuntu/apar/web/codeigniter4-modular/vendor/codeigniter4/framework/system/Model.php(153): CodeIgniter\Database\BaseBuilder->get()
#5 /home/ubuntu/apar/web/codeigniter4-modular/vendor/codeigniter4/framework/system/BaseModel.php(538): CodeIgniter\Model->doFind()
#6 /home/ubuntu/apar/web/codeigniter4-modular/app/Modules/MasterApar/Controllers/MasterApar.php(123): CodeIgniter\BaseModel->find()
#7 /home/ubuntu/apar/web/codeigniter4-modular/vendor/codeigniter4/framework/system/CodeIgniter.php(928): MasterApar\Controllers\MasterApar->edit()
#8 /home/ubuntu/apar/web/codeigniter4-modular/vendor/codeigniter4/framework/system/CodeIgniter.php(436): CodeIgniter\CodeIgniter->runController()
#9 /home/ubuntu/apar/web/codeigniter4-modular/vendor/codeigniter4/framework/system/CodeIgniter.php(336): CodeIgniter\CodeIgniter->handleRequest()
#10 /home/ubuntu/apar/web/codeigniter4-modular/public/index.php(45): CodeIgniter\CodeIgniter->run()
#11 /home/ubuntu/apar/web/codeigniter4-modular/vendor/codeigniter4/framework/system/Commands/Server/rewrite.php(45): require_once('/home/ubuntu/ap...')
#12 {main}
CRITICAL - 2021-08-25 02:01:21 --> Unknown column 'apar.id' in 'where clause'
#0 /home/ubuntu/apar/web/codeigniter4-modular/vendor/codeigniter4/framework/system/Database/MySQLi/Connection.php(329): mysqli->query()
#1 /home/ubuntu/apar/web/codeigniter4-modular/vendor/codeigniter4/framework/system/Database/BaseConnection.php(732): CodeIgniter\Database\MySQLi\Connection->execute()
#2 /home/ubuntu/apar/web/codeigniter4-modular/vendor/codeigniter4/framework/system/Database/BaseConnection.php(647): CodeIgniter\Database\BaseConnection->simpleQuery()
#3 /home/ubuntu/apar/web/codeigniter4-modular/vendor/codeigniter4/framework/system/Database/BaseBuilder.php(1881): CodeIgniter\Database\BaseConnection->query()
#4 /home/ubuntu/apar/web/codeigniter4-modular/vendor/codeigniter4/framework/system/Model.php(153): CodeIgniter\Database\BaseBuilder->get()
#5 /home/ubuntu/apar/web/codeigniter4-modular/vendor/codeigniter4/framework/system/BaseModel.php(538): CodeIgniter\Model->doFind()
#6 /home/ubuntu/apar/web/codeigniter4-modular/app/Modules/MasterApar/Controllers/MasterApar.php(123): CodeIgniter\BaseModel->find()
#7 /home/ubuntu/apar/web/codeigniter4-modular/vendor/codeigniter4/framework/system/CodeIgniter.php(928): MasterApar\Controllers\MasterApar->edit()
#8 /home/ubuntu/apar/web/codeigniter4-modular/vendor/codeigniter4/framework/system/CodeIgniter.php(436): CodeIgniter\CodeIgniter->runController()
#9 /home/ubuntu/apar/web/codeigniter4-modular/vendor/codeigniter4/framework/system/CodeIgniter.php(336): CodeIgniter\CodeIgniter->handleRequest()
#10 /home/ubuntu/apar/web/codeigniter4-modular/public/index.php(45): CodeIgniter\CodeIgniter->run()
#11 /home/ubuntu/apar/web/codeigniter4-modular/vendor/codeigniter4/framework/system/Commands/Server/rewrite.php(45): require_once('/home/ubuntu/ap...')
#12 {main}
CRITICAL - 2021-08-25 02:03:55 --> Unknown column 'apar.id' in 'where clause'
#0 /home/ubuntu/apar/web/codeigniter4-modular/vendor/codeigniter4/framework/system/Database/MySQLi/Connection.php(329): mysqli->query()
#1 /home/ubuntu/apar/web/codeigniter4-modular/vendor/codeigniter4/framework/system/Database/BaseConnection.php(732): CodeIgniter\Database\MySQLi\Connection->execute()
#2 /home/ubuntu/apar/web/codeigniter4-modular/vendor/codeigniter4/framework/system/Database/BaseConnection.php(647): CodeIgniter\Database\BaseConnection->simpleQuery()
#3 /home/ubuntu/apar/web/codeigniter4-modular/vendor/codeigniter4/framework/system/Database/BaseBuilder.php(1881): CodeIgniter\Database\BaseConnection->query()
#4 /home/ubuntu/apar/web/codeigniter4-modular/vendor/codeigniter4/framework/system/Model.php(153): CodeIgniter\Database\BaseBuilder->get()
#5 /home/ubuntu/apar/web/codeigniter4-modular/vendor/codeigniter4/framework/system/BaseModel.php(538): CodeIgniter\Model->doFind()
#6 /home/ubuntu/apar/web/codeigniter4-modular/app/Modules/MasterApar/Controllers/MasterApar.php(123): CodeIgniter\BaseModel->find()
#7 /home/ubuntu/apar/web/codeigniter4-modular/vendor/codeigniter4/framework/system/CodeIgniter.php(928): MasterApar\Controllers\MasterApar->edit()
#8 /home/ubuntu/apar/web/codeigniter4-modular/vendor/codeigniter4/framework/system/CodeIgniter.php(436): CodeIgniter\CodeIgniter->runController()
#9 /home/ubuntu/apar/web/codeigniter4-modular/vendor/codeigniter4/framework/system/CodeIgniter.php(336): CodeIgniter\CodeIgniter->handleRequest()
#10 /home/ubuntu/apar/web/codeigniter4-modular/public/index.php(45): CodeIgniter\CodeIgniter->run()
#11 /home/ubuntu/apar/web/codeigniter4-modular/vendor/codeigniter4/framework/system/Commands/Server/rewrite.php(45): require_once('/home/ubuntu/ap...')
#12 {main}
CRITICAL - 2021-08-25 02:04:00 --> Unknown column 'apar.id' in 'where clause'
#0 /home/ubuntu/apar/web/codeigniter4-modular/vendor/codeigniter4/framework/system/Database/MySQLi/Connection.php(329): mysqli->query()
#1 /home/ubuntu/apar/web/codeigniter4-modular/vendor/codeigniter4/framework/system/Database/BaseConnection.php(732): CodeIgniter\Database\MySQLi\Connection->execute()
#2 /home/ubuntu/apar/web/codeigniter4-modular/vendor/codeigniter4/framework/system/Database/BaseConnection.php(647): CodeIgniter\Database\BaseConnection->simpleQuery()
#3 /home/ubuntu/apar/web/codeigniter4-modular/vendor/codeigniter4/framework/system/Database/BaseBuilder.php(1881): CodeIgniter\Database\BaseConnection->query()
#4 /home/ubuntu/apar/web/codeigniter4-modular/vendor/codeigniter4/framework/system/Model.php(153): CodeIgniter\Database\BaseBuilder->get()
#5 /home/ubuntu/apar/web/codeigniter4-modular/vendor/codeigniter4/framework/system/BaseModel.php(538): CodeIgniter\Model->doFind()
#6 /home/ubuntu/apar/web/codeigniter4-modular/app/Modules/MasterApar/Controllers/MasterApar.php(123): CodeIgniter\BaseModel->find()
#7 /home/ubuntu/apar/web/codeigniter4-modular/vendor/codeigniter4/framework/system/CodeIgniter.php(928): MasterApar\Controllers\MasterApar->edit()
#8 /home/ubuntu/apar/web/codeigniter4-modular/vendor/codeigniter4/framework/system/CodeIgniter.php(436): CodeIgniter\CodeIgniter->runController()
#9 /home/ubuntu/apar/web/codeigniter4-modular/vendor/codeigniter4/framework/system/CodeIgniter.php(336): CodeIgniter\CodeIgniter->handleRequest()
#10 /home/ubuntu/apar/web/codeigniter4-modular/public/index.php(45): CodeIgniter\CodeIgniter->run()
#11 /home/ubuntu/apar/web/codeigniter4-modular/vendor/codeigniter4/framework/system/Commands/Server/rewrite.php(45): require_once('/home/ubuntu/ap...')
#12 {main}
CRITICAL - 2021-08-25 02:05:27 --> Unknown column 'apar.id' in 'where clause'
#0 /home/ubuntu/apar/web/codeigniter4-modular/vendor/codeigniter4/framework/system/Database/MySQLi/Connection.php(329): mysqli->query()
#1 /home/ubuntu/apar/web/codeigniter4-modular/vendor/codeigniter4/framework/system/Database/BaseConnection.php(732): CodeIgniter\Database\MySQLi\Connection->execute()
#2 /home/ubuntu/apar/web/codeigniter4-modular/vendor/codeigniter4/framework/system/Database/BaseConnection.php(647): CodeIgniter\Database\BaseConnection->simpleQuery()
#3 /home/ubuntu/apar/web/codeigniter4-modular/vendor/codeigniter4/framework/system/Database/BaseBuilder.php(1881): CodeIgniter\Database\BaseConnection->query()
#4 /home/ubuntu/apar/web/codeigniter4-modular/vendor/codeigniter4/framework/system/Model.php(153): CodeIgniter\Database\BaseBuilder->get()
#5 /home/ubuntu/apar/web/codeigniter4-modular/vendor/codeigniter4/framework/system/BaseModel.php(538): CodeIgniter\Model->doFind()
#6 /home/ubuntu/apar/web/codeigniter4-modular/app/Modules/MasterApar/Controllers/MasterApar.php(123): CodeIgniter\BaseModel->find()
#7 /home/ubuntu/apar/web/codeigniter4-modular/vendor/codeigniter4/framework/system/CodeIgniter.php(928): MasterApar\Controllers\MasterApar->edit()
#8 /home/ubuntu/apar/web/codeigniter4-modular/vendor/codeigniter4/framework/system/CodeIgniter.php(436): CodeIgniter\CodeIgniter->runController()
#9 /home/ubuntu/apar/web/codeigniter4-modular/vendor/codeigniter4/framework/system/CodeIgniter.php(336): CodeIgniter\CodeIgniter->handleRequest()
#10 /home/ubuntu/apar/web/codeigniter4-modular/public/index.php(45): CodeIgniter\CodeIgniter->run()
#11 /home/ubuntu/apar/web/codeigniter4-modular/vendor/codeigniter4/framework/system/Commands/Server/rewrite.php(45): require_once('/home/ubuntu/ap...')
#12 {main}
CRITICAL - 2021-08-25 02:05:35 --> Unknown column 'apar.id' in 'where clause'
#0 /home/ubuntu/apar/web/codeigniter4-modular/vendor/codeigniter4/framework/system/Database/MySQLi/Connection.php(329): mysqli->query()
#1 /home/ubuntu/apar/web/codeigniter4-modular/vendor/codeigniter4/framework/system/Database/BaseConnection.php(732): CodeIgniter\Database\MySQLi\Connection->execute()
#2 /home/ubuntu/apar/web/codeigniter4-modular/vendor/codeigniter4/framework/system/Database/BaseConnection.php(647): CodeIgniter\Database\BaseConnection->simpleQuery()
#3 /home/ubuntu/apar/web/codeigniter4-modular/vendor/codeigniter4/framework/system/Database/BaseBuilder.php(1881): CodeIgniter\Database\BaseConnection->query()
#4 /home/ubuntu/apar/web/codeigniter4-modular/vendor/codeigniter4/framework/system/Model.php(153): CodeIgniter\Database\BaseBuilder->get()
#5 /home/ubuntu/apar/web/codeigniter4-modular/vendor/codeigniter4/framework/system/BaseModel.php(538): CodeIgniter\Model->doFind()
#6 /home/ubuntu/apar/web/codeigniter4-modular/app/Modules/MasterApar/Controllers/MasterApar.php(123): CodeIgniter\BaseModel->find()
#7 /home/ubuntu/apar/web/codeigniter4-modular/vendor/codeigniter4/framework/system/CodeIgniter.php(928): MasterApar\Controllers\MasterApar->edit()
#8 /home/ubuntu/apar/web/codeigniter4-modular/vendor/codeigniter4/framework/system/CodeIgniter.php(436): CodeIgniter\CodeIgniter->runController()
#9 /home/ubuntu/apar/web/codeigniter4-modular/vendor/codeigniter4/framework/system/CodeIgniter.php(336): CodeIgniter\CodeIgniter->handleRequest()
#10 /home/ubuntu/apar/web/codeigniter4-modular/public/index.php(45): CodeIgniter\CodeIgniter->run()
#11 /home/ubuntu/apar/web/codeigniter4-modular/vendor/codeigniter4/framework/system/Commands/Server/rewrite.php(45): require_once('/home/ubuntu/ap...')
#12 {main}
CRITICAL - 2021-08-25 02:09:08 --> Undefined property: MasterApar\Controllers\MasterApar::$MrolesLib
#0 /home/ubuntu/apar/web/codeigniter4-modular/app/Modules/MasterApar/Controllers/MasterApar.php(107): CodeIgniter\Debug\Exceptions->errorHandler()
#1 /home/ubuntu/apar/web/codeigniter4-modular/vendor/codeigniter4/framework/system/CodeIgniter.php(928): MasterApar\Controllers\MasterApar->edit()
#2 /home/ubuntu/apar/web/codeigniter4-modular/vendor/codeigniter4/framework/system/CodeIgniter.php(436): CodeIgniter\CodeIgniter->runController()
#3 /home/ubuntu/apar/web/codeigniter4-modular/vendor/codeigniter4/framework/system/CodeIgniter.php(336): CodeIgniter\CodeIgniter->handleRequest()
#4 /home/ubuntu/apar/web/codeigniter4-modular/public/index.php(45): CodeIgniter\CodeIgniter->run()
#5 /home/ubuntu/apar/web/codeigniter4-modular/vendor/codeigniter4/framework/system/Commands/Server/rewrite.php(45): require_once('/home/ubuntu/ap...')
#6 {main}
