CRITICAL - 2021-08-23 09:33:57 --> Class 'App\Controllers\Basecontroller' not found
#0 /home/ubuntu/apar/web/codeigniter4-modular/vendor/codeigniter4/framework/system/Autoloader/Autoloader.php(300): include_once()
#1 /home/ubuntu/apar/web/codeigniter4-modular/vendor/codeigniter4/framework/system/Autoloader/Autoloader.php(273): CodeIgniter\Autoloader\Autoloader->includeFile()
#2 /home/ubuntu/apar/web/codeigniter4-modular/vendor/codeigniter4/framework/system/Autoloader/Autoloader.php(247): CodeIgniter\Autoloader\Autoloader->loadInNamespace()
#3 [internal function]: CodeIgniter\Autoloader\Autoloader->loadClass()
#4 [internal function]: spl_autoload_call()
#5 /home/ubuntu/apar/web/codeigniter4-modular/vendor/codeigniter4/framework/system/CodeIgniter.php(885): class_exists()
#6 /home/ubuntu/apar/web/codeigniter4-modular/vendor/codeigniter4/framework/system/CodeIgniter.php(421): CodeIgniter\CodeIgniter->startController()
#7 /home/ubuntu/apar/web/codeigniter4-modular/vendor/codeigniter4/framework/system/CodeIgniter.php(336): CodeIgniter\CodeIgniter->handleRequest()
#8 /home/ubuntu/apar/web/codeigniter4-modular/public/index.php(45): CodeIgniter\CodeIgniter->run()
#9 /home/ubuntu/apar/web/codeigniter4-modular/vendor/codeigniter4/framework/system/Commands/Server/rewrite.php(45): require_once('/home/ubuntu/ap...')
#10 {main}
CRITICAL - 2021-08-23 09:35:38 --> Class 'Users\Controllers\Controller' not found
#0 /home/ubuntu/apar/web/codeigniter4-modular/vendor/codeigniter4/framework/system/Autoloader/Autoloader.php(300): include_once()
#1 /home/ubuntu/apar/web/codeigniter4-modular/vendor/codeigniter4/framework/system/Autoloader/Autoloader.php(273): CodeIgniter\Autoloader\Autoloader->includeFile()
#2 /home/ubuntu/apar/web/codeigniter4-modular/vendor/codeigniter4/framework/system/Autoloader/Autoloader.php(247): CodeIgniter\Autoloader\Autoloader->loadInNamespace()
#3 [internal function]: CodeIgniter\Autoloader\Autoloader->loadClass()
#4 [internal function]: spl_autoload_call()
#5 /home/ubuntu/apar/web/codeigniter4-modular/vendor/codeigniter4/framework/system/CodeIgniter.php(885): class_exists()
#6 /home/ubuntu/apar/web/codeigniter4-modular/vendor/codeigniter4/framework/system/CodeIgniter.php(421): CodeIgniter\CodeIgniter->startController()
#7 /home/ubuntu/apar/web/codeigniter4-modular/vendor/codeigniter4/framework/system/CodeIgniter.php(336): CodeIgniter\CodeIgniter->handleRequest()
#8 /home/ubuntu/apar/web/codeigniter4-modular/public/index.php(45): CodeIgniter\CodeIgniter->run()
#9 /home/ubuntu/apar/web/codeigniter4-modular/vendor/codeigniter4/framework/system/Commands/Server/rewrite.php(45): require_once('/home/ubuntu/ap...')
#10 {main}
CRITICAL - 2021-08-23 09:35:40 --> Class 'Users\Controllers\Controller' not found
#0 /home/ubuntu/apar/web/codeigniter4-modular/vendor/codeigniter4/framework/system/Autoloader/Autoloader.php(300): include_once()
#1 /home/ubuntu/apar/web/codeigniter4-modular/vendor/codeigniter4/framework/system/Autoloader/Autoloader.php(273): CodeIgniter\Autoloader\Autoloader->includeFile()
#2 /home/ubuntu/apar/web/codeigniter4-modular/vendor/codeigniter4/framework/system/Autoloader/Autoloader.php(247): CodeIgniter\Autoloader\Autoloader->loadInNamespace()
#3 [internal function]: CodeIgniter\Autoloader\Autoloader->loadClass()
#4 [internal function]: spl_autoload_call()
#5 /home/ubuntu/apar/web/codeigniter4-modular/vendor/codeigniter4/framework/system/CodeIgniter.php(885): class_exists()
#6 /home/ubuntu/apar/web/codeigniter4-modular/vendor/codeigniter4/framework/system/CodeIgniter.php(421): CodeIgniter\CodeIgniter->startController()
#7 /home/ubuntu/apar/web/codeigniter4-modular/vendor/codeigniter4/framework/system/CodeIgniter.php(336): CodeIgniter\CodeIgniter->handleRequest()
#8 /home/ubuntu/apar/web/codeigniter4-modular/public/index.php(45): CodeIgniter\CodeIgniter->run()
#9 /home/ubuntu/apar/web/codeigniter4-modular/vendor/codeigniter4/framework/system/Commands/Server/rewrite.php(45): require_once('/home/ubuntu/ap...')
#10 {main}
CRITICAL - 2021-08-23 09:36:26 --> Class 'Users\Controllers\Controller' not found
#0 /home/ubuntu/apar/web/codeigniter4-modular/vendor/codeigniter4/framework/system/Autoloader/Autoloader.php(300): include_once()
#1 /home/ubuntu/apar/web/codeigniter4-modular/vendor/codeigniter4/framework/system/Autoloader/Autoloader.php(273): CodeIgniter\Autoloader\Autoloader->includeFile()
#2 /home/ubuntu/apar/web/codeigniter4-modular/vendor/codeigniter4/framework/system/Autoloader/Autoloader.php(247): CodeIgniter\Autoloader\Autoloader->loadInNamespace()
#3 [internal function]: CodeIgniter\Autoloader\Autoloader->loadClass()
#4 [internal function]: spl_autoload_call()
#5 /home/ubuntu/apar/web/codeigniter4-modular/vendor/codeigniter4/framework/system/CodeIgniter.php(885): class_exists()
#6 /home/ubuntu/apar/web/codeigniter4-modular/vendor/codeigniter4/framework/system/CodeIgniter.php(421): CodeIgniter\CodeIgniter->startController()
#7 /home/ubuntu/apar/web/codeigniter4-modular/vendor/codeigniter4/framework/system/CodeIgniter.php(336): CodeIgniter\CodeIgniter->handleRequest()
#8 /home/ubuntu/apar/web/codeigniter4-modular/public/index.php(45): CodeIgniter\CodeIgniter->run()
#9 /home/ubuntu/apar/web/codeigniter4-modular/vendor/codeigniter4/framework/system/Commands/Server/rewrite.php(45): require_once('/home/ubuntu/ap...')
#10 {main}
CRITICAL - 2021-08-23 09:36:27 --> Class 'Users\Controllers\Controller' not found
#0 /home/ubuntu/apar/web/codeigniter4-modular/vendor/codeigniter4/framework/system/Autoloader/Autoloader.php(300): include_once()
#1 /home/ubuntu/apar/web/codeigniter4-modular/vendor/codeigniter4/framework/system/Autoloader/Autoloader.php(273): CodeIgniter\Autoloader\Autoloader->includeFile()
#2 /home/ubuntu/apar/web/codeigniter4-modular/vendor/codeigniter4/framework/system/Autoloader/Autoloader.php(247): CodeIgniter\Autoloader\Autoloader->loadInNamespace()
#3 [internal function]: CodeIgniter\Autoloader\Autoloader->loadClass()
#4 [internal function]: spl_autoload_call()
#5 /home/ubuntu/apar/web/codeigniter4-modular/vendor/codeigniter4/framework/system/CodeIgniter.php(885): class_exists()
#6 /home/ubuntu/apar/web/codeigniter4-modular/vendor/codeigniter4/framework/system/CodeIgniter.php(421): CodeIgniter\CodeIgniter->startController()
#7 /home/ubuntu/apar/web/codeigniter4-modular/vendor/codeigniter4/framework/system/CodeIgniter.php(336): CodeIgniter\CodeIgniter->handleRequest()
#8 /home/ubuntu/apar/web/codeigniter4-modular/public/index.php(45): CodeIgniter\CodeIgniter->run()
#9 /home/ubuntu/apar/web/codeigniter4-modular/vendor/codeigniter4/framework/system/Commands/Server/rewrite.php(45): require_once('/home/ubuntu/ap...')
#10 {main}
CRITICAL - 2021-08-23 09:36:28 --> Class 'Users\Controllers\Controller' not found
#0 /home/ubuntu/apar/web/codeigniter4-modular/vendor/codeigniter4/framework/system/Autoloader/Autoloader.php(300): include_once()
#1 /home/ubuntu/apar/web/codeigniter4-modular/vendor/codeigniter4/framework/system/Autoloader/Autoloader.php(273): CodeIgniter\Autoloader\Autoloader->includeFile()
#2 /home/ubuntu/apar/web/codeigniter4-modular/vendor/codeigniter4/framework/system/Autoloader/Autoloader.php(247): CodeIgniter\Autoloader\Autoloader->loadInNamespace()
#3 [internal function]: CodeIgniter\Autoloader\Autoloader->loadClass()
#4 [internal function]: spl_autoload_call()
#5 /home/ubuntu/apar/web/codeigniter4-modular/vendor/codeigniter4/framework/system/CodeIgniter.php(885): class_exists()
#6 /home/ubuntu/apar/web/codeigniter4-modular/vendor/codeigniter4/framework/system/CodeIgniter.php(421): CodeIgniter\CodeIgniter->startController()
#7 /home/ubuntu/apar/web/codeigniter4-modular/vendor/codeigniter4/framework/system/CodeIgniter.php(336): CodeIgniter\CodeIgniter->handleRequest()
#8 /home/ubuntu/apar/web/codeigniter4-modular/public/index.php(45): CodeIgniter\CodeIgniter->run()
#9 /home/ubuntu/apar/web/codeigniter4-modular/vendor/codeigniter4/framework/system/Commands/Server/rewrite.php(45): require_once('/home/ubuntu/ap...')
#10 {main}
CRITICAL - 2021-08-23 09:36:50 --> Class 'Users\Controllers\Controller' not found
#0 /home/ubuntu/apar/web/codeigniter4-modular/vendor/codeigniter4/framework/system/Autoloader/Autoloader.php(300): include_once()
#1 /home/ubuntu/apar/web/codeigniter4-modular/vendor/codeigniter4/framework/system/Autoloader/Autoloader.php(273): CodeIgniter\Autoloader\Autoloader->includeFile()
#2 /home/ubuntu/apar/web/codeigniter4-modular/vendor/codeigniter4/framework/system/Autoloader/Autoloader.php(247): CodeIgniter\Autoloader\Autoloader->loadInNamespace()
#3 [internal function]: CodeIgniter\Autoloader\Autoloader->loadClass()
#4 [internal function]: spl_autoload_call()
#5 /home/ubuntu/apar/web/codeigniter4-modular/vendor/codeigniter4/framework/system/CodeIgniter.php(885): class_exists()
#6 /home/ubuntu/apar/web/codeigniter4-modular/vendor/codeigniter4/framework/system/CodeIgniter.php(421): CodeIgniter\CodeIgniter->startController()
#7 /home/ubuntu/apar/web/codeigniter4-modular/vendor/codeigniter4/framework/system/CodeIgniter.php(336): CodeIgniter\CodeIgniter->handleRequest()
#8 /home/ubuntu/apar/web/codeigniter4-modular/public/index.php(45): CodeIgniter\CodeIgniter->run()
#9 /home/ubuntu/apar/web/codeigniter4-modular/vendor/codeigniter4/framework/system/Commands/Server/rewrite.php(45): require_once('/home/ubuntu/ap...')
#10 {main}
